archdep_register_cbmfont(): Registering CBM fonts using Pango 1.54.0
succesfully registered 1 font(s) from C:\C64\GTK3VICE-3.9-win64\bin\..\common\C64_Pro_Mono-STYLE.ttf.
succesfully registered 1 font(s) from C:\C64\GTK3VICE-3.9-win64\bin\..\common\PetMe1282Y.ttf.
succesfully registered 1 font(s) from C:\C64\GTK3VICE-3.9-win64\bin\..\common\PetMe128.ttf.
succesfully registered 1 font(s) from C:\C64\GTK3VICE-3.9-win64\bin\..\common\PetMe2X.ttf.
succesfully registered 1 font(s) from C:\C64\GTK3VICE-3.9-win64\bin\..\common\PetMe2Y.ttf.
succesfully registered 1 font(s) from C:\C64\GTK3VICE-3.9-win64\bin\..\common\PetMe642Y.ttf.
succesfully registered 1 font(s) from C:\C64\GTK3VICE-3.9-win64\bin\..\common\PetMe64.ttf.
succesfully registered 1 font(s) from C:\C64\GTK3VICE-3.9-win64\bin\..\common\PetMe.ttf.
registered 8 font(s) total.
 
*** VICE Version 3.9 ***
 
Welcome to x64sc, the free portable C64 Emulator.
 
Current VICE team members:
Pottendo, Marco van den Heuvel, Fabrizio Gennari, Groepaz, Errol Smith, 
Ingo Korb, Olaf Seibert, Marcus Sutton, Kajtar Zsolt, AreaScout, Bas Wassink, 
Michael C. Martin, Christopher Phillips, David Hogan, Empathic Qubit, 
Roberto Muscedere, June Tate-Gans, Pablo Roldan.
 
This is free software with ABSOLUTELY NO WARRANTY.
See the "About VICE" command for more info.
 
Main: random seed was: 0x68e8d801
Main: command line was: C:\C64\GTK3VICE-3.9-win64\bin\x64sc.exe -logfile c:\AEM\code\CutreGameC64\bin\main.prg-vice.log c:\AEM\code\CutreGameC64\bin\main.prg
Main: VICE system file directory: 'C:\C64\GTK3VICE-3.9-win64\bin\..'.
Main: VICE system file search path: 'C:\C64\GTK3VICE-3.9-win64\bin;C:\C64\GTK3VICE-3.9-win64\bin\..'.
Loading system file `C:\C64\GTK3VICE-3.9-win64\bin\..\C64\kernal-901227-03.bin'.
C64MEM: Kernal rev #3 ($03) Sum: 50954 ($C70A) SHA1: 1d503e56df85a62fee696e7618dc5b4e781df1bb.
Loading system file `C:\C64\GTK3VICE-3.9-win64\bin\..\C64\basic-901226-01.bin'.
Loading system file `C:\C64\GTK3VICE-3.9-win64\bin\..\C64\chargen-901225-01.bin'.
Palette: Loading palette `C:\C64\GTK3VICE-3.9-win64\bin\..\PRINTER\mps803.vpl'.
Loading system file `C:\C64\GTK3VICE-3.9-win64\bin\..\PRINTER\nl10.bin'.
Palette: Loading palette `C:\C64\GTK3VICE-3.9-win64\bin\..\PRINTER\nl10.vpl'.
NL10: Printer driver initialized.
Palette: Loading palette `C:\C64\GTK3VICE-3.9-win64\bin\..\PRINTER\1520.vpl'.
Loading system file `C:\C64\GTK3VICE-3.9-win64\bin\..\DRIVES\dos1540-325302+3-01.bin'.
Loading system file `C:\C64\GTK3VICE-3.9-win64\bin\..\DRIVES\dos1541-325302-01+901229-05.bin'.
Loading system file `C:\C64\GTK3VICE-3.9-win64\bin\..\DRIVES\dos1541ii-251968-03.bin'.
Loading system file `C:\C64\GTK3VICE-3.9-win64\bin\..\DRIVES\dos1570-315090-01.bin'.
Loading system file `C:\C64\GTK3VICE-3.9-win64\bin\..\DRIVES\dos1571-310654-05.bin'.
Loading system file `C:\C64\GTK3VICE-3.9-win64\bin\..\DRIVES\dos1581-318045-02.bin'.
DriveROM: Error - 2000 ROM image not found. Hardware-level 2000 emulation is not available.
DriveROM: Error - 4000 ROM image not found. Hardware-level 4000 emulation is not available.
DriveROM: Error - CMDHD ROM image not found. Hardware-level CMDHD emulation is not available.
Loading system file `C:\C64\GTK3VICE-3.9-win64\bin\..\DRIVES\dos2031-901484-03+05.bin'.
Loading system file `C:\C64\GTK3VICE-3.9-win64\bin\..\DRIVES\dos2040-901468-06+07.bin'.
Loading system file `C:\C64\GTK3VICE-3.9-win64\bin\..\DRIVES\dos3040-901468-11-13.bin'.
Loading system file `C:\C64\GTK3VICE-3.9-win64\bin\..\DRIVES\dos4040-901468-14-16.bin'.
Loading system file `C:\C64\GTK3VICE-3.9-win64\bin\..\DRIVES\dos1001-901887+8-01.bin'.
Loading system file `C:\C64\GTK3VICE-3.9-win64\bin\..\DRIVES\dos9000-300516+7-revC.bin'.
Drive: Finished loading ROM images.
VIC-II: Initializing chip model "MOS8565" (63 cycles per line, 312 raster lines).
Window: using GTK3 backend: DirectX
Window: chip_name: VICII
Window:  screen_size: 384 x 312
Window:  gfx_size: 320 x 200
Window:  gfx_position: 32 x 51
Window:  first/last displayed line: 16 x 287
Window:  extra offscreen border left/right: 0 x 0
Window:  scalexy: 2 x 2 sizexy: 1 x 1
Window:  rmode: 1
Window:  aspect ratio: 0.936508
Window:  hstretch: 0 vstretch: Render thread: Created render thread 0
Render thread initialised
Sound: Available sound devices: dx wmm dummy fs dump wavSound: Available sound devices: dx wmm MIDIdrv: init driver
MIDIdrv: found 0 sources
MIDIdrv: found 1 destinationsMIDIdrv: found 0 sources
MIDIdrv: found 1 destinations
MIDIdrv: destination #0: Microsoft GS Wavetable Synth
Keymap: Loading keymap `C:\C64\GTK3VICE-3.9-win64\bin\..\C64\gtk3_sym.vkm'.
Hotkeys: Initializing hotkeys.
Hotkeys: parsing default file 'C:\C64\GTK3VICEHotkeys: OK.
Main CPU: 
Main CPU: starting at ($FFFC).Hotkeys: OK.
Main CPU: 
Main CPU: starting at ($FFFC).
Main CPU: RESET.
VIC-II: VSP Bug: safe channels are: 235. Emulation of memory corruption is disabled.
AUTOSTART: Autodetecting image type of `c:\AEM\code\CutreGameC64\bin\main.prg'.
Filesystem Image Probe: Error - Import GCR: Unknown GCR image version 48.
Filesystem Image: Unknown disk image `c:\AEM\code\CutreGameC64\bin\main.prg'.
Tape: Error - Cannot open file `c:\AEM\code\CutreGameC64\bin\main.prg'
Error - no CRT header found.
CART: 'c:\AEM\code\CutreGameC64\bin\main.prg' is not a valid CRT file.
AUTOSTART: Loading PRG file `c:\AEM\codeAUTOSTART: Resetting drive 8
AUTOSTART: Resetting the mVDriveCommand: ERR = 63, FILE EXISTS, 00, 00
AUTOSTART: Error - Could not open file
AUTOSTART: Resetting drive 8
AUTOSTART: Error - `c:\AEM\code\CutreGameC64\bin\main.prg' is not a valid file.
Error - Failed to autostart 'c:\AEM\code\CutreGameC64\bin\Sound: Opened device `dx', speed 48000Hz, fragment size 2.67ms, buffer size 32.00ms
Sound: reSID: MOS8580, filter on, sampling rate 48000Hz - resampling, pass to 21600Hz
VSync: Sync reset
Unit 8: RESET.
AUTOSTART: Loading program 'MAIN'
AUTOSTART: Entered ROM at $e5cd
AUTOSTART: Searching for ...
AUTOSTART: Loading
AUTOSTART: Entered ROM at $ea21
AUTOSTART: Ready
AUTOSTART: Turning Warp mode off.
AUTOSTART: Starting program.
AUTOSTART: Restoring FileSystemDevice8 to 1.
AUTOSTART: Restoring FSDevice8ConvertP00 to 1.
AUTOSTART: Restoring FSDeviceLongNames to 0.
AUTOSTART: Done.
VSync: Sync reset
CutreGameC64\bin\main.prg-vice.log"
SaveResourcesOnExit=1
ConfirmOnExit=0
Window0Height=903
Window0Width=1074
Window0Xpos=3848
Window0Ypos=723
KeySet1North=119
KeySet1East=100
KeySet1South=115
KeySet1West=97
KeySet1Fire=32
JoyDevice1=2

reconstructed commandline options (might be incomplete):
-default -logfile "c:\AEM\code\CutreGameC64\bin\main.prg-vice.log" +confirmonexit -saveres -windowxpos "3848" -windowypos "723" -windowwidth "1074" -windowheight "903" -joydev1 "2"

Main: VICE thread has been joined.
Writing configuration file `C:\Users\gabriel.gonzalezg\AppData\Roaming\vice\vice.ini'.
VIC-II: VSP Bug: safe channels are: 12. Emulation of memory corruption is disabled.
Hotkeys: shutting down.
